<?xml version='1.0' encoding='UTF-8'?>
<testsuite hostname="clement-S551LN" name="HelloSpec" tests="1" errors="0" failures="0" skipped="0" time="0.012" timestamp="2018-09-26T12:34:57">
                     <properties>
[...]
</properties>
                     <testcase classname="HelloSpec" name="Hello should start with H" time="0.012">
                                                 
                                               </testcase>
                     <system-out><![CDATA[]]></system-out>
                     <system-err><![CDATA[]]></system-err>
                   </testsuite>